# JRE version: Java(TM) SE Runtime Environment (17.0.10+11) (build 17.0.10+11-LTS-240)
# Java VM: Java HotSpot(TM) 64-Bit Server VM (17.0.10+11-LTS-240, mixed mode, emulated-client, sharing, tiered, compressed oops, compressed class ptrs, g1 gc, windows-amd64)
GC Precious Log:
 CPUs: 20 total, 20 available
 Memory: 32581M
 Large Page Support: Disabled
 NUMA Support: Disabled
 Compressed Oops: Enabled (Zero based)
 Heap Region Size: 4M
 Heap Min Capacity: 8M
 Heap Initial Capacity: 512M
 Heap Max Capacity: 8148M
 Pre-touch: Disabled
 Parallel Workers: 15
 Concurrent Workers: 4
 Concurrent Refinement Workers: 15
 Periodic GC: Disabled
Heap:
 garbage-first heap   total 81920K, used 39887K [0x0000000602c00000, 0x0000000800000000)
  region size 4096K, 7 young (28672K), 2 survivors (8192K)
 Metaspace       used 53129K, committed 53632K, reserved 1114112K
  class space    used 7500K, committed 7744K, reserved 1048576K
GC Heap History (18 events):
Event: 0.327 GC heap before
{Heap before GC invocations=0 (full 0):
 garbage-first heap   total 524288K, used 24576K [0x0000000602c00000, 0x0000000800000000)
  region size 4096K, 6 young (24576K), 0 survivors (0K)
 Metaspace       used 6719K, committed 6848K, reserved 1114112K
  class space    used 853K, committed 896K, reserved 1048576K
}
Event: 0.330 GC heap after
{Heap after GC invocations=1 (full 0):
 garbage-first heap   total 524288K, used 7341K [0x0000000602c00000, 0x0000000800000000)
  region size 4096K, 1 young (4096K), 1 survivors (4096K)
 Metaspace       used 6719K, committed 6848K, reserved 1114112K
  class space    used 853K, committed 896K, reserved 1048576K
}
Event: 0.489 GC heap before
{Heap before GC invocations=1 (full 0):
 garbage-first heap   total 524288K, used 27821K [0x0000000602c00000, 0x0000000800000000)
  region size 4096K, 6 young (24576K), 1 survivors (4096K)
 Metaspace       used 9788K, committed 10048K, reserved 1114112K
  class space    used 1320K, committed 1472K, reserved 1048576K
}
Event: 0.491 GC heap after
{Heap after GC invocations=2 (full 0):
 garbage-first heap   total 524288K, used 8943K [0x0000000602c00000, 0x0000000800000000)
  region size 4096K, 1 young (4096K), 1 survivors (4096K)
 Metaspace       used 9788K, committed 10048K, reserved 1114112K
  class space    used 1320K, committed 1472K, reserved 1048576K
}
Event: 0.798 GC heap before
{Heap before GC invocations=2 (full 0):
 garbage-first heap   total 524288K, used 66287K [0x0000000602c00000, 0x0000000800000000)
  region size 4096K, 16 young (65536K), 1 survivors (4096K)
 Metaspace       used 19598K, committed 19968K, reserved 1114112K
  class space    used 2625K, committed 2816K, reserved 1048576K
}
Event: 0.801 GC heap after
{Heap after GC invocations=3 (full 0):
 garbage-first heap   total 524288K, used 13538K [0x0000000602c00000, 0x0000000800000000)
  region size 4096K, 2 young (8192K), 2 survivors (8192K)
 Metaspace       used 19598K, committed 19968K, reserved 1114112K
  class space    used 2625K, committed 2816K, reserved 1048576K
}
Event: 0.930 GC heap before
{Heap before GC invocations=3 (full 0):
 garbage-first heap   total 524288K, used 38114K [0x0000000602c00000, 0x0000000800000000)
  region size 4096K, 9 young (36864K), 2 survivors (8192K)
 Metaspace       used 21248K, committed 21504K, reserved 1114112K
  class space    used 2855K, committed 3008K, reserved 1048576K
}
Event: 0.932 GC heap after
{Heap after GC invocations=4 (full 0):
 garbage-first heap   total 524288K, used 14410K [0x0000000602c00000, 0x0000000800000000)
  region size 4096K, 2 young (8192K), 2 survivors (8192K)
 Metaspace       used 21248K, committed 21504K, reserved 1114112K
  class space    used 2855K, committed 3008K, reserved 1048576K
}
Event: 1.151 GC heap before
{Heap before GC invocations=5 (full 0):
 garbage-first heap   total 69632K, used 47178K [0x0000000602c00000, 0x0000000800000000)
  region size 4096K, 11 young (45056K), 2 survivors (8192K)
 Metaspace       used 25076K, committed 25472K, reserved 1114112K
  class space    used 3451K, committed 3648K, reserved 1048576K
}
Event: 1.154 GC heap after
{Heap after GC invocations=6 (full 0):
 garbage-first heap   total 69632K, used 16601K [0x0000000602c00000, 0x0000000800000000)
  region size 4096K, 3 young (12288K), 3 survivors (12288K)
 Metaspace       used 25076K, committed 25472K, reserved 1114112K
  class space    used 3451K, committed 3648K, reserved 1048576K
}
Event: 1.187 GC heap before
{Heap before GC invocations=6 (full 0):
 garbage-first heap   total 69632K, used 20697K [0x0000000602c00000, 0x0000000800000000)
  region size 4096K, 4 young (16384K), 3 survivors (12288K)
 Metaspace       used 25753K, committed 26176K, reserved 1114112K
  class space    used 3573K, committed 3776K, reserved 1048576K
}
Event: 1.190 GC heap after
{Heap after GC invocations=7 (full 0):
 garbage-first heap   total 69632K, used 17518K [0x0000000602c00000, 0x0000000800000000)
  region size 4096K, 1 young (4096K), 1 survivors (4096K)
 Metaspace       used 25753K, committed 26176K, reserved 1114112K
  class space    used 3573K, committed 3776K, reserved 1048576K
}
Event: 1.398 GC heap before
{Heap before GC invocations=7 (full 0):
 garbage-first heap   total 69632K, used 46190K [0x0000000602c00000, 0x0000000800000000)
  region size 4096K, 8 young (32768K), 1 survivors (4096K)
 Metaspace       used 29398K, committed 29888K, reserved 1114112K
  class space    used 4071K, committed 4352K, reserved 1048576K
}
Event: 1.399 GC heap after
{Heap after GC invocations=8 (full 0):
 garbage-first heap   total 299008K, used 18799K [0x0000000602c00000, 0x0000000800000000)
  region size 4096K, 1 young (4096K), 1 survivors (4096K)
 Metaspace       used 29398K, committed 29888K, reserved 1114112K
  class space    used 4071K, committed 4352K, reserved 1048576K
}
Event: 1.676 GC heap before
{Heap before GC invocations=8 (full 0):
 garbage-first heap   total 299008K, used 51567K [0x0000000602c00000, 0x0000000800000000)
  region size 4096K, 10 young (40960K), 1 survivors (4096K)
 Metaspace       used 35618K, committed 36096K, reserved 1114112K
  class space    used 5036K, committed 5312K, reserved 1048576K
}
Event: 1.684 GC heap after
{Heap after GC invocations=9 (full 0):
 garbage-first heap   total 299008K, used 19999K [0x0000000602c00000, 0x0000000800000000)
  region size 4096K, 1 young (4096K), 1 survivors (4096K)
 Metaspace       used 35618K, committed 36096K, reserved 1114112K
  class space    used 5036K, committed 5312K, reserved 1048576K
}
Event: 2.148 GC heap before
{Heap before GC invocations=10 (full 0):
 garbage-first heap   total 81920K, used 65055K [0x0000000602c00000, 0x0000000800000000)
  region size 4096K, 13 young (53248K), 1 survivors (4096K)
 Metaspace       used 49839K, committed 50368K, reserved 1114112K
  class space    used 6928K, committed 7168K, reserved 1048576K
}
Event: 2.150 GC heap after
{Heap after GC invocations=11 (full 0):
 garbage-first heap   total 81920K, used 23503K [0x0000000602c00000, 0x0000000800000000)
  region size 4096K, 2 young (8192K), 2 survivors (8192K)
 Metaspace       used 49839K, committed 50368K, reserved 1114112K
  class space    used 6928K, committed 7168K, reserved 1048576K
}

